INFO:serving on ('127.0.0.1', 15563)
INFO:Campbell received AT Riley +0.0023794174194335938 client +34.06893-118.445127 1615237536.791184 from ('127.0.0.1', 49496)
INFO:Campbell propogated AT Riley +0.0023794174194335938 client +34.06893-118.445127 1615237536.791184 to Juzang
INFO:Campbell propogated AT Riley +0.0023794174194335938 client +34.06893-118.445127 1615237536.791184 to Bernard
INFO:closed the client socket
INFO:Campbell received AT Riley +0.0023794174194335938 client +34.06893-118.445127 1615237536.791184 from ('127.0.0.1', 49510)
INFO:received message and not propogating
INFO:closed the client socket
INFO:Campbell received AT Juzang +0.0013394355773925781 client_0 +34.06893-118.445127 1615237537.7661004 from ('127.0.0.1', 49524)
INFO:Campbell propogated AT Juzang +0.0013394355773925781 client_0 +34.06893-118.445127 1615237537.7661004 to Juzang
INFO:Campbell propogated AT Juzang +0.0013394355773925781 client_0 +34.06893-118.445127 1615237537.7661004 to Bernard
INFO:closed the client socket
INFO:Campbell received AT Juzang +0.0013394355773925781 client_0 +34.06893-118.445127 1615237537.7661004 from ('127.0.0.1', 49538)
INFO:received message and not propogating
INFO:closed the client socket
INFO:Campbell received WHATSAT client_0 10 5
 from ('127.0.0.1', 49542)
INFO:Campbell send: AT Juzang +0.0013394355773925781 client_0 +34.06893-118.445127 1615237537.7661004
{
    "html_attributions": [],
    "results": [
        {
            "geometry": {
                "location": {
                    "lat": 34.06888734586305,
                    "lng": -118.4450168552283
                },
                "viewport": {
                    "northeast": {
                        "lat": 34.0702312302915,
                        "lng": -118.4436835197085
                    },
                    "southwest": {
                        "lat": 34.0675332697085,
                        "lng": -118.4463814802915
                    }
                }
            },
            "icon": "https://maps.gstatic.com/mapfiles/place_api/icons/v1/png_71/geocode-71.png",
            "name": "Westwood Plaza",
            "place_id": "ChIJ6Re7qYi8woAR22jVhVAye2M",
            "reference": "ChIJ6Re7qYi8woAR22jVhVAye2M",
            "scope": "GOOGLE",
            "types": [
                "route"
            ],
            "vicinity": "Los Angeles"
        },
        {
            "business_status": "OPERATIONAL",
            "geometry": {
                "location": {
                    "lat": 34.068921,
                    "lng": -118.4451811
                },
                "viewport": {
                    "northeast": {
                        "lat": 34.0828575,
                        "lng": -118.42990995
                    },
                    "southwest": {
                        "lat": 34.0575047,
                        "lng": -118.46313815
                    }
                }
            },
            "icon": "https://maps.gstatic.com/mapfiles/place_api/icons/v1/png_71/school-71.png",
            "name": "University of California, Los Angeles",
            "photos": [
                {
                    "height": 3024,
                    "html_attributions": [
                        "<a href=\"https://maps.google.com/maps/contrib/102441856898186297335\">Eod</a>"
                    ],
                    "photo_reference": "ATtYBwLmafKlMwdlqaUDntQ-Pez21uBowydqZuMAu5Qijv9-0NkNGrajzRemb4OQU-X7sf66qJP36xICH5ZAjehsdsP4_Vx4rdhDGbeQSqVkXfpk41-Vw9Xh1M7IO9XRcAylsLVaKl9qOCM6PbvDmPe3sycJQ-plgrwJCeYQsmsZfWzEjYwD",
                    "width": 4032
                }
            ],
            "place_id": "ChIJZQ9c8IW8woARN0gTXFiTqSU",
            "plus_code": {
                "compound_code": "3H93+HW Los Angeles, CA, USA",
                "global_code": "85633H93+HW"
            },
            "rating": 4.5,
            "reference": "ChIJZQ9c8IW8woARN0gTXFiTqSU",
            "scope": "GOOGLE",
            "types": [
                "university",
                "point_of_interest",
                "establishment"
            ],
            "user_ratings_total": 1855,
            "vicinity": "Los Angeles"
        },
        {
            "geometry": {
                "location": {
                    "lat": 34.0522342,
                    "lng": -118.2436849
                },
                "viewport": {
                    "northeast": {
                        "lat": 34.33730608759191,
                        "lng": -118.155289077463
                    },
                    "southwest": {
                        "lat": 33.70365193147634,
                        "lng": -118.6681759484859
                    }
                }
            },
            "icon": "https://maps.gstatic.com/mapfiles/place_api/icons/v1/png_71/geocode-71.png",
            "name": "Los Angeles",
            "photos": [
                {
                    "height": 800,
                    "html_attributions": [
                        "<a href=\"https://maps.google.com/maps/contrib/101789704485468713638\">Prabhakar rokaya</a>"
                    ],
                    "photo_reference": "ATtYBwL1YmUEUUnEURorLxNmDITXP4y5cHPOpRT-sZDsz4lqjyC9jrZxHRG_iNa_57ktGHgvcKoDGz-aDIrEqdraQdWye6T7e8Sk3g0H61DTLInJtX_AlgfzdI47iCTl5zKfjsDuxGVt3p3jZrw_-bgePUSrpJfI7rKd0U9nHkloxq-9Zonn",
                    "width": 1440
                }
            ],
            "place_id": "ChIJE9on3F3HwoAR9AhGJW_fL-I",
            "reference": "ChIJE9on3F3HwoAR9AhGJW_fL-I",
            "scope": "GOOGLE",
            "types": [
                "locality",
                "political"
            ],
            "vicinity": "Los Angeles"
        }
    ],
    "status": "OK"
}


INFO:closed the client socket
INFO:Campbell received AT Jaquez +0.001313924789428711 client_0 +34.06893-118.445127 1615237539.0887694 from ('127.0.0.1', 49562)
INFO:Server Juzang is down, skipping propogation.
INFO:Campbell propogated AT Jaquez +0.001313924789428711 client_0 +34.06893-118.445127 1615237539.0887694 to Bernard
INFO:closed the client socket
INFO:Campbell received WHATSAT client_0 10 5
 from ('127.0.0.1', 49570)
INFO:Campbell send: AT Jaquez +0.001313924789428711 client_0 +34.06893-118.445127 1615237539.0887694
{
    "html_attributions": [],
    "results": [
        {
            "geometry": {
                "location": {
                    "lat": 34.06888734586305,
                    "lng": -118.4450168552283
                },
                "viewport": {
                    "northeast": {
                        "lat": 34.0702312302915,
                        "lng": -118.4436835197085
                    },
                    "southwest": {
                        "lat": 34.0675332697085,
                        "lng": -118.4463814802915
                    }
                }
            },
            "icon": "https://maps.gstatic.com/mapfiles/place_api/icons/v1/png_71/geocode-71.png",
            "name": "Westwood Plaza",
            "place_id": "ChIJ6Re7qYi8woAR22jVhVAye2M",
            "reference": "ChIJ6Re7qYi8woAR22jVhVAye2M",
            "scope": "GOOGLE",
            "types": [
                "route"
            ],
            "vicinity": "Los Angeles"
        },
        {
            "business_status": "OPERATIONAL",
            "geometry": {
                "location": {
                    "lat": 34.068921,
                    "lng": -118.4451811
                },
                "viewport": {
                    "northeast": {
                        "lat": 34.0828575,
                        "lng": -118.42990995
                    },
                    "southwest": {
                        "lat": 34.0575047,
                        "lng": -118.46313815
                    }
                }
            },
            "icon": "https://maps.gstatic.com/mapfiles/place_api/icons/v1/png_71/school-71.png",
            "name": "University of California, Los Angeles",
            "photos": [
                {
                    "height": 3024,
                    "html_attributions": [
                        "<a href=\"https://maps.google.com/maps/contrib/102441856898186297335\">Eod</a>"
                    ],
                    "photo_reference": "ATtYBwIQ0zLUlaSVNibKY4BulG3OWQpDNPZ3PXtWyr70Cz5dSIy-Fu6XvhBsechK8H0edsBNNCXHndYwRQ3tZ3itM85xKAsGtl7Uxag5tpIhcSYwkskIPHwO1rfQUp0RX8SfTW04r6AIj_ktmoaGDT9t7HvADu85ymr2QGY5zJvYqRZS2eie",
                    "width": 4032
                }
            ],
            "place_id": "ChIJZQ9c8IW8woARN0gTXFiTqSU",
            "plus_code": {
                "compound_code": "3H93+HW Los Angeles, CA, USA",
                "global_code": "85633H93+HW"
            },
            "rating": 4.5,
            "reference": "ChIJZQ9c8IW8woARN0gTXFiTqSU",
            "scope": "GOOGLE",
            "types": [
                "university",
                "point_of_interest",
                "establishment"
            ],
            "user_ratings_total": 1855,
            "vicinity": "Los Angeles"
        },
        {
            "geometry": {
                "location": {
                    "lat": 34.0522342,
                    "lng": -118.2436849
                },
                "viewport": {
                    "northeast": {
                        "lat": 34.33730608759191,
                        "lng": -118.155289077463
                    },
                    "southwest": {
                        "lat": 33.70365193147634,
                        "lng": -118.6681759484859
                    }
                }
            },
            "icon": "https://maps.gstatic.com/mapfiles/place_api/icons/v1/png_71/geocode-71.png",
            "name": "Los Angeles",
            "photos": [
                {
                    "height": 800,
                    "html_attributions": [
                        "<a href=\"https://maps.google.com/maps/contrib/101789704485468713638\">Prabhakar rokaya</a>"
                    ],
                    "photo_reference": "ATtYBwImy1H0j8Fh4zLD0U08nAh200snTN_rRmLP1aWxDF6slMUbKiQeJirPnuDXaWn3R1-oP-nBlr6HuB7c8719UKT1H63oOlCiPHEWQ8Vx6j8wWFx3Q5CutFK4b3CoMbzdeCD7WsLYXQ7bOw6-To2bdpqr1iIOS3m-YGYmOz63eBN886UR",
                    "width": 1440
                }
            ],
            "place_id": "ChIJE9on3F3HwoAR9AhGJW_fL-I",
            "reference": "ChIJE9on3F3HwoAR9AhGJW_fL-I",
            "scope": "GOOGLE",
            "types": [
                "locality",
                "political"
            ],
            "vicinity": "Los Angeles"
        }
    ],
    "status": "OK"
}


INFO:closed the client socket
INFO:serving on ('127.0.0.1', 15563)
INFO:Campbell received WHATSAT client_0 10 5
 from ('127.0.0.1', 49622)
INFO:Campbell send: ? WHATSAT client_0 10 5

INFO:closed the client socket
INFO:Campbell received WHATSAT client_1 10 5
 from ('127.0.0.1', 49634)
INFO:Campbell send: ? WHATSAT client_1 10 5

INFO:closed the client socket
INFO:serving on ('127.0.0.1', 15563)
INFO:Campbell received AT Riley +0.0013575553894042969 client_1 +34.06893-118.445127 1615237545.715146 from ('127.0.0.1', 49680)
INFO:Campbell propogated AT Riley +0.0013575553894042969 client_1 +34.06893-118.445127 1615237545.715146 to Juzang
INFO:Server Bernard is down, skipping propogation.
INFO:closed the client socket
INFO:Campbell received WHATSAT client_1 10 5
 from ('127.0.0.1', 49694)
INFO:Campbell send: AT Riley +0.0013575553894042969 client_1 +34.06893-118.445127 1615237545.715146
{
    "html_attributions": [],
    "results": [
        {
            "geometry": {
                "location": {
                    "lat": 34.06888734586305,
                    "lng": -118.4450168552283
                },
                "viewport": {
                    "northeast": {
                        "lat": 34.0702312302915,
                        "lng": -118.4436835197085
                    },
                    "southwest": {
                        "lat": 34.0675332697085,
                        "lng": -118.4463814802915
                    }
                }
            },
            "icon": "https://maps.gstatic.com/mapfiles/place_api/icons/v1/png_71/geocode-71.png",
            "name": "Westwood Plaza",
            "place_id": "ChIJ6Re7qYi8woAR22jVhVAye2M",
            "reference": "ChIJ6Re7qYi8woAR22jVhVAye2M",
            "scope": "GOOGLE",
            "types": [
                "route"
            ],
            "vicinity": "Los Angeles"
        },
        {
            "business_status": "OPERATIONAL",
            "geometry": {
                "location": {
                    "lat": 34.068921,
                    "lng": -118.4451811
                },
                "viewport": {
                    "northeast": {
                        "lat": 34.0828575,
                        "lng": -118.42990995
                    },
                    "southwest": {
                        "lat": 34.0575047,
                        "lng": -118.46313815
                    }
                }
            },
            "icon": "https://maps.gstatic.com/mapfiles/place_api/icons/v1/png_71/school-71.png",
            "name": "University of California, Los Angeles",
            "photos": [
                {
                    "height": 3024,
                    "html_attributions": [
                        "<a href=\"https://maps.google.com/maps/contrib/102441856898186297335\">Eod</a>"
                    ],
                    "photo_reference": "ATtYBwIIYP-FhUKdF4PN1DxLi3CI048GIeifd2v2NS3Jvv5_KBy15cMrjcHO3QxmHTlBLj9twcSLHF_K2Ij4GPvL6ZoVPb36ju-jGdjzA6_w3x-5E_AMLJDsMWcEq5o2clqmQsOr_OrkB-Ih3o0xK_hK5kPS0KacfGaAxfcf7yzVoi7SXg5I",
                    "width": 4032
                }
            ],
            "place_id": "ChIJZQ9c8IW8woARN0gTXFiTqSU",
            "plus_code": {
                "compound_code": "3H93+HW Los Angeles, CA, USA",
                "global_code": "85633H93+HW"
            },
            "rating": 4.5,
            "reference": "ChIJZQ9c8IW8woARN0gTXFiTqSU",
            "scope": "GOOGLE",
            "types": [
                "university",
                "point_of_interest",
                "establishment"
            ],
            "user_ratings_total": 1855,
            "vicinity": "Los Angeles"
        },
        {
            "geometry": {
                "location": {
                    "lat": 34.0522342,
                    "lng": -118.2436849
                },
                "viewport": {
                    "northeast": {
                        "lat": 34.33730608759191,
                        "lng": -118.155289077463
                    },
                    "southwest": {
                        "lat": 33.70365193147634,
                        "lng": -118.6681759484859
                    }
                }
            },
            "icon": "https://maps.gstatic.com/mapfiles/place_api/icons/v1/png_71/geocode-71.png",
            "name": "Los Angeles",
            "photos": [
                {
                    "height": 800,
                    "html_attributions": [
                        "<a href=\"https://maps.google.com/maps/contrib/101789704485468713638\">Prabhakar rokaya</a>"
                    ],
                    "photo_reference": "ATtYBwIWhEbQjWLPjFWKXddGpe-XobzZqYy_3oWC4YOe6xwTMq-1omt__oyx52lqb7EO--KlwB0WMqEDqm2HkAw2FooQmG0--NtntJ_t80tlIQY38KKm9LlG4UYoY-w7PiaFlAanNf21LxigUi4ScBWkdDpdqYsJ-oGlh4X9hmqQKXuqqHfU",
                    "width": 1440
                }
            ],
            "place_id": "ChIJE9on3F3HwoAR9AhGJW_fL-I",
            "reference": "ChIJE9on3F3HwoAR9AhGJW_fL-I",
            "scope": "GOOGLE",
            "types": [
                "locality",
                "political"
            ],
            "vicinity": "Los Angeles"
        }
    ],
    "status": "OK"
}


INFO:closed the client socket
INFO:serving on ('127.0.0.1', 15563)
INFO:Campbell received WHATSAT client_2 10 5
 from ('127.0.0.1', 49746)
INFO:Campbell send: ? WHATSAT client_2 10 5

INFO:closed the client socket
INFO:serving on ('127.0.0.1', 15563)
