INFO:serving on ('127.0.0.1', 15561)
INFO:Jaquez received AT Riley +0.0023794174194335938 client +34.06893-118.445127 1615237536.791184 from ('127.0.0.1', 52696)
INFO:Jaquez propogated AT Riley +0.0023794174194335938 client +34.06893-118.445127 1615237536.791184 to Riley
INFO:Jaquez propogated AT Riley +0.0023794174194335938 client +34.06893-118.445127 1615237536.791184 to Bernard
INFO:closed the client socket
INFO:Jaquez received AT Riley +0.0023794174194335938 client +34.06893-118.445127 1615237536.791184 from ('127.0.0.1', 52710)
INFO:received message and not propogating
INFO:closed the client socket
INFO:Jaquez received WHATSAT client 10 5
 from ('127.0.0.1', 52724)
INFO:Jaquez send: AT Riley +0.0023794174194335938 client +34.06893-118.445127 1615237536.791184
{
    "html_attributions": [],
    "results": [
        {
            "geometry": {
                "location": {
                    "lat": 34.06888734586305,
                    "lng": -118.4450168552283
                },
                "viewport": {
                    "northeast": {
                        "lat": 34.0702312302915,
                        "lng": -118.4436835197085
                    },
                    "southwest": {
                        "lat": 34.0675332697085,
                        "lng": -118.4463814802915
                    }
                }
            },
            "icon": "https://maps.gstatic.com/mapfiles/place_api/icons/v1/png_71/geocode-71.png",
            "name": "Westwood Plaza",
            "place_id": "ChIJ6Re7qYi8woAR22jVhVAye2M",
            "reference": "ChIJ6Re7qYi8woAR22jVhVAye2M",
            "scope": "GOOGLE",
            "types": [
                "route"
            ],
            "vicinity": "Los Angeles"
        },
        {
            "business_status": "OPERATIONAL",
            "geometry": {
                "location": {
                    "lat": 34.068921,
                    "lng": -118.4451811
                },
                "viewport": {
                    "northeast": {
                        "lat": 34.0828575,
                        "lng": -118.42990995
                    },
                    "southwest": {
                        "lat": 34.0575047,
                        "lng": -118.46313815
                    }
                }
            },
            "icon": "https://maps.gstatic.com/mapfiles/place_api/icons/v1/png_71/school-71.png",
            "name": "University of California, Los Angeles",
            "photos": [
                {
                    "height": 3024,
                    "html_attributions": [
                        "<a href=\"https://maps.google.com/maps/contrib/102441856898186297335\">Eod</a>"
                    ],
                    "photo_reference": "ATtYBwIPXd5HA50IDNqULcN4wGQp1r5Zx7cQWPoEllp5MqvePKfKD3m2n3vdUPP1tfGIDzLFTiQQZgn_XzRHYofndYwTNV5XiRVtjoTeNBzs1jAPJoV9p0E_xJRruYaucA1qxtlM-1-nkGll0m1FLLFYQE88o0NYMO8F-caspgfoBn4WqHJp",
                    "width": 4032
                }
            ],
            "place_id": "ChIJZQ9c8IW8woARN0gTXFiTqSU",
            "plus_code": {
                "compound_code": "3H93+HW Los Angeles, CA, USA",
                "global_code": "85633H93+HW"
            },
            "rating": 4.5,
            "reference": "ChIJZQ9c8IW8woARN0gTXFiTqSU",
            "scope": "GOOGLE",
            "types": [
                "university",
                "point_of_interest",
                "establishment"
            ],
            "user_ratings_total": 1855,
            "vicinity": "Los Angeles"
        },
        {
            "geometry": {
                "location": {
                    "lat": 34.0522342,
                    "lng": -118.2436849
                },
                "viewport": {
                    "northeast": {
                        "lat": 34.33730608759191,
                        "lng": -118.155289077463
                    },
                    "southwest": {
                        "lat": 33.70365193147634,
                        "lng": -118.6681759484859
                    }
                }
            },
            "icon": "https://maps.gstatic.com/mapfiles/place_api/icons/v1/png_71/geocode-71.png",
            "name": "Los Angeles",
            "photos": [
                {
                    "height": 800,
                    "html_attributions": [
                        "<a href=\"https://maps.google.com/maps/contrib/101789704485468713638\">Prabhakar rokaya</a>"
                    ],
                    "photo_reference": "ATtYBwItab-8xMblR2adXFYJQm5lzhlxP7ET9lOAec92KxD-lOdeXsJdqtfI5gfa7T-btIchCVg2Mo5qpbSaBi_NZeSrpTvlAQbwgPcaTF_9P4Sv-i4xQ0fRCtG8wGuB5B8e230Y7p7OwJuTvtLeH0RpTDNUhiUoivklpUfAMHDLPcPybbie",
                    "width": 1440
                }
            ],
            "place_id": "ChIJE9on3F3HwoAR9AhGJW_fL-I",
            "reference": "ChIJE9on3F3HwoAR9AhGJW_fL-I",
            "scope": "GOOGLE",
            "types": [
                "locality",
                "political"
            ],
            "vicinity": "Los Angeles"
        }
    ],
    "status": "OK"
}


INFO:closed the client socket
INFO:serving on ('127.0.0.1', 15561)
INFO:Jaquez received IAMAT client_0 +34.06893-118.445127 1615237539.0887694
 from ('127.0.0.1', 52760)
INFO:Server Riley is down, skipping propogation.
INFO:Jaquez propogated AT Jaquez +0.001313924789428711 client_0 +34.06893-118.445127 1615237539.0887694 to Bernard
INFO:Jaquez send: AT Jaquez +0.001313924789428711 client_0 +34.06893-118.445127 1615237539.0887694
INFO:closed the client socket
INFO:Jaquez received WHATSAT client_0 10 5
 from ('127.0.0.1', 52766)
INFO:Jaquez received AT Jaquez +0.001313924789428711 client_0 +34.06893-118.445127 1615237539.0887694 from ('127.0.0.1', 52768)
INFO:received message and not propogating
INFO:closed the client socket
INFO:Jaquez send: AT Jaquez +0.001313924789428711 client_0 +34.06893-118.445127 1615237539.0887694
{
    "html_attributions": [],
    "results": [
        {
            "geometry": {
                "location": {
                    "lat": 34.06888734586305,
                    "lng": -118.4450168552283
                },
                "viewport": {
                    "northeast": {
                        "lat": 34.0702312302915,
                        "lng": -118.4436835197085
                    },
                    "southwest": {
                        "lat": 34.0675332697085,
                        "lng": -118.4463814802915
                    }
                }
            },
            "icon": "https://maps.gstatic.com/mapfiles/place_api/icons/v1/png_71/geocode-71.png",
            "name": "Westwood Plaza",
            "place_id": "ChIJ6Re7qYi8woAR22jVhVAye2M",
            "reference": "ChIJ6Re7qYi8woAR22jVhVAye2M",
            "scope": "GOOGLE",
            "types": [
                "route"
            ],
            "vicinity": "Los Angeles"
        },
        {
            "business_status": "OPERATIONAL",
            "geometry": {
                "location": {
                    "lat": 34.068921,
                    "lng": -118.4451811
                },
                "viewport": {
                    "northeast": {
                        "lat": 34.0828575,
                        "lng": -118.42990995
                    },
                    "southwest": {
                        "lat": 34.0575047,
                        "lng": -118.46313815
                    }
                }
            },
            "icon": "https://maps.gstatic.com/mapfiles/place_api/icons/v1/png_71/school-71.png",
            "name": "University of California, Los Angeles",
            "photos": [
                {
                    "height": 3024,
                    "html_attributions": [
                        "<a href=\"https://maps.google.com/maps/contrib/102441856898186297335\">Eod</a>"
                    ],
                    "photo_reference": "ATtYBwKR_oYV3gD259QXknfvukbkbk3BGZjHCALsUw71GwOJk-VwHCasicfX82ah6TntoO-prwStkAx4Pweo-GmaA3koaWYhjU0b6lvXZ7cis9OIf-hranbM_u73wQJs28hQVjxl1NyfV5QnemChpEBAkVbUti7HI2_W01sV5P6KkF4xdZRp",
                    "width": 4032
                }
            ],
            "place_id": "ChIJZQ9c8IW8woARN0gTXFiTqSU",
            "plus_code": {
                "compound_code": "3H93+HW Los Angeles, CA, USA",
                "global_code": "85633H93+HW"
            },
            "rating": 4.5,
            "reference": "ChIJZQ9c8IW8woARN0gTXFiTqSU",
            "scope": "GOOGLE",
            "types": [
                "university",
                "point_of_interest",
                "establishment"
            ],
            "user_ratings_total": 1855,
            "vicinity": "Los Angeles"
        },
        {
            "geometry": {
                "location": {
                    "lat": 34.0522342,
                    "lng": -118.2436849
                },
                "viewport": {
                    "northeast": {
                        "lat": 34.33730608759191,
                        "lng": -118.155289077463
                    },
                    "southwest": {
                        "lat": 33.70365193147634,
                        "lng": -118.6681759484859
                    }
                }
            },
            "icon": "https://maps.gstatic.com/mapfiles/place_api/icons/v1/png_71/geocode-71.png",
            "name": "Los Angeles",
            "photos": [
                {
                    "height": 800,
                    "html_attributions": [
                        "<a href=\"https://maps.google.com/maps/contrib/101789704485468713638\">Prabhakar rokaya</a>"
                    ],
                    "photo_reference": "ATtYBwLEE0S9lR9ZXQztv9GfEx-yHhNSOPAv1CLIjYrbbIAsuM2Emnp7kD97QhyWcxhZdnoV1EnYRqYhzTi5A74tANdtnZTBBgzV6uDy6nwMob6udAtp7KUVkpDeX389XaIP0wo3GU3pMeV7_SC5p4eJxPgnftHu1P4AAcLIOO6DZLXj0USx",
                    "width": 1440
                }
            ],
            "place_id": "ChIJE9on3F3HwoAR9AhGJW_fL-I",
            "reference": "ChIJE9on3F3HwoAR9AhGJW_fL-I",
            "scope": "GOOGLE",
            "types": [
                "locality",
                "political"
            ],
            "vicinity": "Los Angeles"
        }
    ],
    "status": "OK"
}


INFO:closed the client socket
INFO:Jaquez received IAMAT client_0 +34.06893-118.445127 1615237540.311529
 from ('127.0.0.1', 52788)
INFO:Server Riley is down, skipping propogation.
INFO:Jaquez propogated AT Jaquez +0.0013768672943115234 client_0 +34.06893-118.445127 1615237540.311529 to Bernard
INFO:Jaquez send: AT Jaquez +0.0013768672943115234 client_0 +34.06893-118.445127 1615237540.311529
INFO:closed the client socket
INFO:Jaquez received AT Jaquez +0.0013768672943115234 client_0 +34.06893-118.445127 1615237540.311529 from ('127.0.0.1', 52794)
INFO:received message and not propogating
INFO:closed the client socket
INFO:Jaquez received WHATSAT client_0 10 5
 from ('127.0.0.1', 52796)
INFO:Jaquez send: AT Jaquez +0.0013768672943115234 client_0 +34.06893-118.445127 1615237540.311529
{
    "html_attributions": [],
    "results": [
        {
            "geometry": {
                "location": {
                    "lat": 34.06888734586305,
                    "lng": -118.4450168552283
                },
                "viewport": {
                    "northeast": {
                        "lat": 34.0702312302915,
                        "lng": -118.4436835197085
                    },
                    "southwest": {
                        "lat": 34.0675332697085,
                        "lng": -118.4463814802915
                    }
                }
            },
            "icon": "https://maps.gstatic.com/mapfiles/place_api/icons/v1/png_71/geocode-71.png",
            "name": "Westwood Plaza",
            "place_id": "ChIJ6Re7qYi8woAR22jVhVAye2M",
            "reference": "ChIJ6Re7qYi8woAR22jVhVAye2M",
            "scope": "GOOGLE",
            "types": [
                "route"
            ],
            "vicinity": "Los Angeles"
        },
        {
            "business_status": "OPERATIONAL",
            "geometry": {
                "location": {
                    "lat": 34.068921,
                    "lng": -118.4451811
                },
                "viewport": {
                    "northeast": {
                        "lat": 34.0828575,
                        "lng": -118.42990995
                    },
                    "southwest": {
                        "lat": 34.0575047,
                        "lng": -118.46313815
                    }
                }
            },
            "icon": "https://maps.gstatic.com/mapfiles/place_api/icons/v1/png_71/school-71.png",
            "name": "University of California, Los Angeles",
            "photos": [
                {
                    "height": 3024,
                    "html_attributions": [
                        "<a href=\"https://maps.google.com/maps/contrib/102441856898186297335\">Eod</a>"
                    ],
                    "photo_reference": "ATtYBwIlE4fX4Z104LjBft5lf10TSygIm19Cd1lND5bfu1-ElIqbFZFD58OYgsmA10bPoBtM7jujM_l2b0Dn2kaxU7U9ErTBOy6e8iRDjI5OX1eUNtv82GYXSBWvL0Jjr_CzwK6NpQEqIiq0ZKiq4Ie90kaulg33s6W72A0bTKMchQr0jIUG",
                    "width": 4032
                }
            ],
            "place_id": "ChIJZQ9c8IW8woARN0gTXFiTqSU",
            "plus_code": {
                "compound_code": "3H93+HW Los Angeles, CA, USA",
                "global_code": "85633H93+HW"
            },
            "rating": 4.5,
            "reference": "ChIJZQ9c8IW8woARN0gTXFiTqSU",
            "scope": "GOOGLE",
            "types": [
                "university",
                "point_of_interest",
                "establishment"
            ],
            "user_ratings_total": 1855,
            "vicinity": "Los Angeles"
        },
        {
            "geometry": {
                "location": {
                    "lat": 34.0522342,
                    "lng": -118.2436849
                },
                "viewport": {
                    "northeast": {
                        "lat": 34.33730608759191,
                        "lng": -118.155289077463
                    },
                    "southwest": {
                        "lat": 33.70365193147634,
                        "lng": -118.6681759484859
                    }
                }
            },
            "icon": "https://maps.gstatic.com/mapfiles/place_api/icons/v1/png_71/geocode-71.png",
            "name": "Los Angeles",
            "photos": [
                {
                    "height": 800,
                    "html_attributions": [
                        "<a href=\"https://maps.google.com/maps/contrib/101789704485468713638\">Prabhakar rokaya</a>"
                    ],
                    "photo_reference": "ATtYBwKYj1X2IRX67dqgMb7bEWHDQP1tzO6txqIOGLvrUKFxyWEEbBGcMP4guYuocIqGijbgiCsmJvMpjFiASBYxTHhJBgU9Nt8Ax7R6sPlAfGA1B70U5ko4lZaxLikwovsYrsgJgYM17ZBRCtVi8lbhY5qqIR41sz4ZCM_bImHV3EH-Bbqc",
                    "width": 1440
                }
            ],
            "place_id": "ChIJE9on3F3HwoAR9AhGJW_fL-I",
            "reference": "ChIJE9on3F3HwoAR9AhGJW_fL-I",
            "scope": "GOOGLE",
            "types": [
                "locality",
                "political"
            ],
            "vicinity": "Los Angeles"
        }
    ],
    "status": "OK"
}


INFO:closed the client socket
INFO:Jaquez received IAMAT client_0 +34.06893-118.445127 1615237541.5459332
 from ('127.0.0.1', 52818)
INFO:Server Riley is down, skipping propogation.
INFO:Server Bernard is down, skipping propogation.
INFO:Jaquez send: AT Jaquez +0.0013866424560546875 client_0 +34.06893-118.445127 1615237541.5459332
INFO:closed the client socket
INFO:Jaquez received WHATSAT client_0 10 5
 from ('127.0.0.1', 52824)
INFO:Jaquez send: AT Jaquez +0.0013866424560546875 client_0 +34.06893-118.445127 1615237541.5459332
{
    "html_attributions": [],
    "results": [
        {
            "geometry": {
                "location": {
                    "lat": 34.06888734586305,
                    "lng": -118.4450168552283
                },
                "viewport": {
                    "northeast": {
                        "lat": 34.0702312302915,
                        "lng": -118.4436835197085
                    },
                    "southwest": {
                        "lat": 34.0675332697085,
                        "lng": -118.4463814802915
                    }
                }
            },
            "icon": "https://maps.gstatic.com/mapfiles/place_api/icons/v1/png_71/geocode-71.png",
            "name": "Westwood Plaza",
            "place_id": "ChIJ6Re7qYi8woAR22jVhVAye2M",
            "reference": "ChIJ6Re7qYi8woAR22jVhVAye2M",
            "scope": "GOOGLE",
            "types": [
                "route"
            ],
            "vicinity": "Los Angeles"
        },
        {
            "business_status": "OPERATIONAL",
            "geometry": {
                "location": {
                    "lat": 34.068921,
                    "lng": -118.4451811
                },
                "viewport": {
                    "northeast": {
                        "lat": 34.0828575,
                        "lng": -118.42990995
                    },
                    "southwest": {
                        "lat": 34.0575047,
                        "lng": -118.46313815
                    }
                }
            },
            "icon": "https://maps.gstatic.com/mapfiles/place_api/icons/v1/png_71/school-71.png",
            "name": "University of California, Los Angeles",
            "photos": [
                {
                    "height": 3024,
                    "html_attributions": [
                        "<a href=\"https://maps.google.com/maps/contrib/102441856898186297335\">Eod</a>"
                    ],
                    "photo_reference": "ATtYBwL0JMFuRt7P1r2Yc3oJQ1QG1bRqf3jXPryt_o8iKjwL68ygrufYHhgenBgTO94SxjYobxQhAqgPluXwfe67j93VaE4xJbxC1BtFJuHyXJKQlgghYQnrXayHvvbCjuUB_aTDDs_U__FBiRT66vZk07Un76KM6zXLRTfYnvFOtaF-HHAM",
                    "width": 4032
                }
            ],
            "place_id": "ChIJZQ9c8IW8woARN0gTXFiTqSU",
            "plus_code": {
                "compound_code": "3H93+HW Los Angeles, CA, USA",
                "global_code": "85633H93+HW"
            },
            "rating": 4.5,
            "reference": "ChIJZQ9c8IW8woARN0gTXFiTqSU",
            "scope": "GOOGLE",
            "types": [
                "university",
                "point_of_interest",
                "establishment"
            ],
            "user_ratings_total": 1855,
            "vicinity": "Los Angeles"
        },
        {
            "geometry": {
                "location": {
                    "lat": 34.0522342,
                    "lng": -118.2436849
                },
                "viewport": {
                    "northeast": {
                        "lat": 34.33730608759191,
                        "lng": -118.155289077463
                    },
                    "southwest": {
                        "lat": 33.70365193147634,
                        "lng": -118.6681759484859
                    }
                }
            },
            "icon": "https://maps.gstatic.com/mapfiles/place_api/icons/v1/png_71/geocode-71.png",
            "name": "Los Angeles",
            "photos": [
                {
                    "height": 800,
                    "html_attributions": [
                        "<a href=\"https://maps.google.com/maps/contrib/101789704485468713638\">Prabhakar rokaya</a>"
                    ],
                    "photo_reference": "ATtYBwLntMcU7XVyLyO3kekz11rTw22V3VAC95trNLixCCG4KmTBkMSJYnzHOG6_BdeRtqKvpkcIgcAQu2H3JvA4a24B6X9AP2V9fjiHw8Whta_EWqzZbsWgn23aegQRbDFB5nRILda5-Cy25TPf8lW6kPVY6bxHm11JB1RJWS1N0uqqut_d",
                    "width": 1440
                }
            ],
            "place_id": "ChIJE9on3F3HwoAR9AhGJW_fL-I",
            "reference": "ChIJE9on3F3HwoAR9AhGJW_fL-I",
            "scope": "GOOGLE",
            "types": [
                "locality",
                "political"
            ],
            "vicinity": "Los Angeles"
        }
    ],
    "status": "OK"
}


INFO:closed the client socket
INFO:serving on ('127.0.0.1', 15561)
INFO:Jaquez received AT Riley +0.0014498233795166016 client_2 +34.06893-118.445127 1615237547.7802017 from ('127.0.0.1', 52912)
INFO:Jaquez propogated AT Riley +0.0014498233795166016 client_2 +34.06893-118.445127 1615237547.7802017 to Riley
INFO:Jaquez propogated AT Riley +0.0014498233795166016 client_2 +34.06893-118.445127 1615237547.7802017 to Bernard
INFO:closed the client socket
INFO:Jaquez received AT Riley +0.0014498233795166016 client_2 +34.06893-118.445127 1615237547.7802017 from ('127.0.0.1', 52922)
INFO:received message and not propogating
INFO:closed the client socket
INFO:Jaquez received WHATSAT client_2 10 5
 from ('127.0.0.1', 52930)
INFO:Jaquez send: AT Riley +0.0014498233795166016 client_2 +34.06893-118.445127 1615237547.7802017
{
    "html_attributions": [],
    "results": [
        {
            "geometry": {
                "location": {
                    "lat": 34.06888734586305,
                    "lng": -118.4450168552283
                },
                "viewport": {
                    "northeast": {
                        "lat": 34.0702312302915,
                        "lng": -118.4436835197085
                    },
                    "southwest": {
                        "lat": 34.0675332697085,
                        "lng": -118.4463814802915
                    }
                }
            },
            "icon": "https://maps.gstatic.com/mapfiles/place_api/icons/v1/png_71/geocode-71.png",
            "name": "Westwood Plaza",
            "place_id": "ChIJ6Re7qYi8woAR22jVhVAye2M",
            "reference": "ChIJ6Re7qYi8woAR22jVhVAye2M",
            "scope": "GOOGLE",
            "types": [
                "route"
            ],
            "vicinity": "Los Angeles"
        },
        {
            "business_status": "OPERATIONAL",
            "geometry": {
                "location": {
                    "lat": 34.068921,
                    "lng": -118.4451811
                },
                "viewport": {
                    "northeast": {
                        "lat": 34.0828575,
                        "lng": -118.42990995
                    },
                    "southwest": {
                        "lat": 34.0575047,
                        "lng": -118.46313815
                    }
                }
            },
            "icon": "https://maps.gstatic.com/mapfiles/place_api/icons/v1/png_71/school-71.png",
            "name": "University of California, Los Angeles",
            "photos": [
                {
                    "height": 3024,
                    "html_attributions": [
                        "<a href=\"https://maps.google.com/maps/contrib/102441856898186297335\">Eod</a>"
                    ],
                    "photo_reference": "ATtYBwJ0sMlc5bk5p2ZjIXdFvKDLjNbqAfzYo-2oDv_Ey3E45rVixd8BYJbepuQyUeVjWp_WcwNUCZNEnyPfi_gEJHUrgVRFMCcN6QitOf7T0S_Um5nNV0ArVlZygCIBn7Y6fcLts7q5yIf4-8VJncINN07WsmGv_TxpW34gkTnUGHBf0z7p",
                    "width": 4032
                }
            ],
            "place_id": "ChIJZQ9c8IW8woARN0gTXFiTqSU",
            "plus_code": {
                "compound_code": "3H93+HW Los Angeles, CA, USA",
                "global_code": "85633H93+HW"
            },
            "rating": 4.5,
            "reference": "ChIJZQ9c8IW8woARN0gTXFiTqSU",
            "scope": "GOOGLE",
            "types": [
                "university",
                "point_of_interest",
                "establishment"
            ],
            "user_ratings_total": 1855,
            "vicinity": "Los Angeles"
        },
        {
            "geometry": {
                "location": {
                    "lat": 34.0522342,
                    "lng": -118.2436849
                },
                "viewport": {
                    "northeast": {
                        "lat": 34.33730608759191,
                        "lng": -118.155289077463
                    },
                    "southwest": {
                        "lat": 33.70365193147634,
                        "lng": -118.6681759484859
                    }
                }
            },
            "icon": "https://maps.gstatic.com/mapfiles/place_api/icons/v1/png_71/geocode-71.png",
            "name": "Los Angeles",
            "photos": [
                {
                    "height": 800,
                    "html_attributions": [
                        "<a href=\"https://maps.google.com/maps/contrib/101789704485468713638\">Prabhakar rokaya</a>"
                    ],
                    "photo_reference": "ATtYBwI7uCR7dhazocO6_AEzBu29VDejEc3QpVPap96_UVldsqal14O2CU1g_ZEGd_yXcKelaY-C6gbd68RKERrpe7QIMwtxhgnqyaqgMf45cabjQ_QHPDaZsWkEzGS1jPYPUpLpBCqqzya6OHXihkIKGS_Eh9zPCozCvfuAU4RZoTtx7agD",
                    "width": 1440
                }
            ],
            "place_id": "ChIJE9on3F3HwoAR9AhGJW_fL-I",
            "reference": "ChIJE9on3F3HwoAR9AhGJW_fL-I",
            "scope": "GOOGLE",
            "types": [
                "locality",
                "political"
            ],
            "vicinity": "Los Angeles"
        }
    ],
    "status": "OK"
}


INFO:closed the client socket
INFO:Jaquez received AT Riley +0.0013306140899658203 client_2 +34.06893-118.445127 1615237549.0040588 from ('127.0.0.1', 52940)
INFO:Jaquez propogated AT Riley +0.0013306140899658203 client_2 +34.06893-118.445127 1615237549.0040588 to Riley
INFO:Server Bernard is down, skipping propogation.
INFO:closed the client socket
INFO:Jaquez received WHATSAT client_2 10 5
 from ('127.0.0.1', 52952)
INFO:Jaquez send: AT Riley +0.0013306140899658203 client_2 +34.06893-118.445127 1615237549.0040588
{
    "html_attributions": [],
    "results": [
        {
            "geometry": {
                "location": {
                    "lat": 34.06888734586305,
                    "lng": -118.4450168552283
                },
                "viewport": {
                    "northeast": {
                        "lat": 34.0702312302915,
                        "lng": -118.4436835197085
                    },
                    "southwest": {
                        "lat": 34.0675332697085,
                        "lng": -118.4463814802915
                    }
                }
            },
            "icon": "https://maps.gstatic.com/mapfiles/place_api/icons/v1/png_71/geocode-71.png",
            "name": "Westwood Plaza",
            "place_id": "ChIJ6Re7qYi8woAR22jVhVAye2M",
            "reference": "ChIJ6Re7qYi8woAR22jVhVAye2M",
            "scope": "GOOGLE",
            "types": [
                "route"
            ],
            "vicinity": "Los Angeles"
        },
        {
            "business_status": "OPERATIONAL",
            "geometry": {
                "location": {
                    "lat": 34.068921,
                    "lng": -118.4451811
                },
                "viewport": {
                    "northeast": {
                        "lat": 34.0828575,
                        "lng": -118.42990995
                    },
                    "southwest": {
                        "lat": 34.0575047,
                        "lng": -118.46313815
                    }
                }
            },
            "icon": "https://maps.gstatic.com/mapfiles/place_api/icons/v1/png_71/school-71.png",
            "name": "University of California, Los Angeles",
            "photos": [
                {
                    "height": 3024,
                    "html_attributions": [
                        "<a href=\"https://maps.google.com/maps/contrib/102441856898186297335\">Eod</a>"
                    ],
                    "photo_reference": "ATtYBwKunPDFHIYlyjnq2Wd_T_TYVJ9CqQbJR_nbO6bHlE4W5yllh2EsOR7XD7pwlgGqYabD9zjotz27EEmxmngF9EXFP0ijvH8yvgyxxlPfSD4s92GvhFaKfIgo6ZRwb-e-sY8sLNBQYWpiXBWMUOKJtUF8Z7lmGl67QG739ztjzqyoIJS3",
                    "width": 4032
                }
            ],
            "place_id": "ChIJZQ9c8IW8woARN0gTXFiTqSU",
            "plus_code": {
                "compound_code": "3H93+HW Los Angeles, CA, USA",
                "global_code": "85633H93+HW"
            },
            "rating": 4.5,
            "reference": "ChIJZQ9c8IW8woARN0gTXFiTqSU",
            "scope": "GOOGLE",
            "types": [
                "university",
                "point_of_interest",
                "establishment"
            ],
            "user_ratings_total": 1855,
            "vicinity": "Los Angeles"
        },
        {
            "geometry": {
                "location": {
                    "lat": 34.0522342,
                    "lng": -118.2436849
                },
                "viewport": {
                    "northeast": {
                        "lat": 34.33730608759191,
                        "lng": -118.155289077463
                    },
                    "southwest": {
                        "lat": 33.70365193147634,
                        "lng": -118.6681759484859
                    }
                }
            },
            "icon": "https://maps.gstatic.com/mapfiles/place_api/icons/v1/png_71/geocode-71.png",
            "name": "Los Angeles",
            "photos": [
                {
                    "height": 800,
                    "html_attributions": [
                        "<a href=\"https://maps.google.com/maps/contrib/101789704485468713638\">Prabhakar rokaya</a>"
                    ],
                    "photo_reference": "ATtYBwL3VJJ4Max5eOrovgdnYjMBR7H8rUaUwuSkYoZyHaZ-sySF6u79heR0t29YVXaxdYWqj0_BH03XEXPUmMmDDzZPGnbuam2yKaOTsX8q_b5W3b2IftrpwNCGSrvYhZ3S0He6H2YNvYoDY5yuESjJreFhPerRToRu07qTBwspVeHxl_tJ",
                    "width": 1440
                }
            ],
            "place_id": "ChIJE9on3F3HwoAR9AhGJW_fL-I",
            "reference": "ChIJE9on3F3HwoAR9AhGJW_fL-I",
            "scope": "GOOGLE",
            "types": [
                "locality",
                "political"
            ],
            "vicinity": "Los Angeles"
        }
    ],
    "status": "OK"
}


INFO:closed the client socket
INFO:Jaquez received AT Riley +0.001458883285522461 client_3 +34.06893-118.445127 1615237550.9526885 from ('127.0.0.1', 52960)
INFO:Jaquez propogated AT Riley +0.001458883285522461 client_3 +34.06893-118.445127 1615237550.9526885 to Riley
INFO:Server Bernard is down, skipping propogation.
INFO:closed the client socket
INFO:Jaquez received WHATSAT client_3 10 5
 from ('127.0.0.1', 52978)
INFO:Jaquez send: AT Riley +0.001458883285522461 client_3 +34.06893-118.445127 1615237550.9526885
{
    "html_attributions": [],
    "results": [
        {
            "geometry": {
                "location": {
                    "lat": 34.06888734586305,
                    "lng": -118.4450168552283
                },
                "viewport": {
                    "northeast": {
                        "lat": 34.0702312302915,
                        "lng": -118.4436835197085
                    },
                    "southwest": {
                        "lat": 34.0675332697085,
                        "lng": -118.4463814802915
                    }
                }
            },
            "icon": "https://maps.gstatic.com/mapfiles/place_api/icons/v1/png_71/geocode-71.png",
            "name": "Westwood Plaza",
            "place_id": "ChIJ6Re7qYi8woAR22jVhVAye2M",
            "reference": "ChIJ6Re7qYi8woAR22jVhVAye2M",
            "scope": "GOOGLE",
            "types": [
                "route"
            ],
            "vicinity": "Los Angeles"
        },
        {
            "business_status": "OPERATIONAL",
            "geometry": {
                "location": {
                    "lat": 34.068921,
                    "lng": -118.4451811
                },
                "viewport": {
                    "northeast": {
                        "lat": 34.0828575,
                        "lng": -118.42990995
                    },
                    "southwest": {
                        "lat": 34.0575047,
                        "lng": -118.46313815
                    }
                }
            },
            "icon": "https://maps.gstatic.com/mapfiles/place_api/icons/v1/png_71/school-71.png",
            "name": "University of California, Los Angeles",
            "photos": [
                {
                    "height": 3024,
                    "html_attributions": [
                        "<a href=\"https://maps.google.com/maps/contrib/102441856898186297335\">Eod</a>"
                    ],
                    "photo_reference": "ATtYBwK3n0xByS123U3lFabQg6TV6_YfJ5ymB-zBm3SjPnIVhJMQREA2Wuk8aYXlva1rMEqzkLRmo1VJ8M-YjtVnY-GcI3VddiZHah7rqTElEG3CU40d5cY-dnAYFqQZQBx960Lzd6wISNJVkzl17e5qi2Nk0L2aFxElZMRkfrv1bK3kb5Rf",
                    "width": 4032
                }
            ],
            "place_id": "ChIJZQ9c8IW8woARN0gTXFiTqSU",
            "plus_code": {
                "compound_code": "3H93+HW Los Angeles, CA, USA",
                "global_code": "85633H93+HW"
            },
            "rating": 4.5,
            "reference": "ChIJZQ9c8IW8woARN0gTXFiTqSU",
            "scope": "GOOGLE",
            "types": [
                "university",
                "point_of_interest",
                "establishment"
            ],
            "user_ratings_total": 1855,
            "vicinity": "Los Angeles"
        },
        {
            "geometry": {
                "location": {
                    "lat": 34.0522342,
                    "lng": -118.2436849
                },
                "viewport": {
                    "northeast": {
                        "lat": 34.33730608759191,
                        "lng": -118.155289077463
                    },
                    "southwest": {
                        "lat": 33.70365193147634,
                        "lng": -118.6681759484859
                    }
                }
            },
            "icon": "https://maps.gstatic.com/mapfiles/place_api/icons/v1/png_71/geocode-71.png",
            "name": "Los Angeles",
            "photos": [
                {
                    "height": 800,
                    "html_attributions": [
                        "<a href=\"https://maps.google.com/maps/contrib/101789704485468713638\">Prabhakar rokaya</a>"
                    ],
                    "photo_reference": "ATtYBwJoElOCqSlPdjAlSLPeUAy3hO7lAQcRN33xk94LWyNIULUm_6U7qZzGtgGZnOqvjtu1SResTCsp3aWpPAwyXTy6e4VKA1VzmDduVaWePSLxKOlQFZ4ETpLDvThsJVxQXVrFSLv_uu8cYt4wNLtSLR-mjGv3ObY8Rs86L4mA4L8lJffl",
                    "width": 1440
                }
            ],
            "place_id": "ChIJE9on3F3HwoAR9AhGJW_fL-I",
            "reference": "ChIJE9on3F3HwoAR9AhGJW_fL-I",
            "scope": "GOOGLE",
            "types": [
                "locality",
                "political"
            ],
            "vicinity": "Los Angeles"
        }
    ],
    "status": "OK"
}


INFO:closed the client socket
